2020-08-13 00:06:10,735 INFO 596 [egg-logrotator] app logger reload: got log-reload message
2020-09-14 12:56:10,726 INFO 12676 [egg:logger] init all loggers with options: {"dir":"E:\\ThreeCN\\web\\huaqing\\nodejs\\node\\blog\\logs\\day02-login","encoding":"utf8","env":"local","level":"INFO","consoleLevel":"INFO","disableConsoleAfterReady":false,"outputJSON":false,"buffer":true,"appLogName":"day02-login-web.log","coreLogName":"egg-web.log","agentLogName":"egg-agent.log","errorLogName":"common-error.log","coreLogger":{"consoleLevel":"WARN"},"allowDebugAtProd":false,"type":"application"}
2020-09-14 12:56:10,767 INFO 12676 [egg-multipart] file mode enable
2020-09-14 12:56:10,767 INFO 12676 [egg-multipart] will save temporary files to "C:\\Users\\ADMINI~1\\AppData\\Local\\Temp\\egg-multipart-tmp\\day02-login", cleanup job cron: "0 30 4 * * *"
2020-09-14 12:56:10,768 INFO 12676 [egg-mysql] connecting root@localhost:3306/blog
2020-09-14 12:56:11,797 INFO 12676 [egg-static] starting static serve /public/ -> E:\ThreeCN\web\huaqing\nodejs\node\blog\app\public
2020-09-14 12:56:11,801 INFO 12676 [egg-security] use methodnoallow middleware
2020-09-14 12:56:11,803 INFO 12676 [egg-security] use noopen middleware
2020-09-14 12:56:11,804 INFO 12676 [egg-security] use nosniff middleware
2020-09-14 12:56:11,805 INFO 12676 [egg-security] use xssProtection middleware
2020-09-14 12:56:11,806 INFO 12676 [egg-security] use xframe middleware
2020-09-14 12:56:11,807 INFO 12676 [egg-security] use dta middleware
2020-09-14 12:56:11,807 INFO 12676 [egg-security] compose 6 middlewares into one security middleware
2020-09-14 12:56:11,865 INFO 12676 [egg:core] dump config after load, 20ms
2020-09-14 12:56:12,587 INFO 12548 [egg:logger] init all loggers with options: {"dir":"E:\\ThreeCN\\web\\huaqing\\nodejs\\node\\blog\\logs\\day02-login","encoding":"utf8","env":"local","level":"INFO","consoleLevel":"INFO","disableConsoleAfterReady":false,"outputJSON":false,"buffer":true,"appLogName":"day02-login-web.log","coreLogName":"egg-web.log","agentLogName":"egg-agent.log","errorLogName":"common-error.log","coreLogger":{"consoleLevel":"WARN"},"allowDebugAtProd":false,"type":"application"}
2020-09-14 12:56:12,623 INFO 12548 [egg-multipart] file mode enable
2020-09-14 12:56:12,624 INFO 12548 [egg-multipart] will save temporary files to "C:\\Users\\ADMINI~1\\AppData\\Local\\Temp\\egg-multipart-tmp\\day02-login", cleanup job cron: "0 30 4 * * *"
2020-09-14 12:56:12,624 INFO 12548 [egg-mysql] connecting root@localhost:3306/blog
2020-09-14 12:56:12,762 INFO 12548 [egg-static] starting static serve /public/ -> E:\ThreeCN\web\huaqing\nodejs\node\blog\app\public
2020-09-14 12:56:12,765 INFO 12548 [egg-security] use methodnoallow middleware
2020-09-14 12:56:12,765 INFO 12548 [egg-security] use noopen middleware
2020-09-14 12:56:12,767 INFO 12548 [egg-security] use nosniff middleware
2020-09-14 12:56:12,767 INFO 12548 [egg-security] use xssProtection middleware
2020-09-14 12:56:12,768 INFO 12548 [egg-security] use xframe middleware
2020-09-14 12:56:12,768 INFO 12548 [egg-security] use dta middleware
2020-09-14 12:56:12,768 INFO 12548 [egg-security] compose 6 middlewares into one security middleware
2020-09-14 12:56:12,779 INFO 12548 [egg:core] dump config after load, 4ms
2020-09-14 12:56:12,800 INFO 12548 [egg-watcher:application] watcher start success
2020-09-14 12:56:12,803 INFO 12548 [egg-mysql] instance[0] status OK, rds currentTime: Mon Sep 14 2020 12:56:12 GMT+0800 (中国标准时间)
2020-09-14 12:56:12,810 INFO 12548 [egg:core] dump config after ready, 5ms
2020-09-14 12:56:13,700 INFO 14920 [egg:logger] init all loggers with options: {"dir":"E:\\ThreeCN\\web\\huaqing\\nodejs\\node\\blog\\logs\\day02-login","encoding":"utf8","env":"local","level":"INFO","consoleLevel":"INFO","disableConsoleAfterReady":false,"outputJSON":false,"buffer":true,"appLogName":"day02-login-web.log","coreLogName":"egg-web.log","agentLogName":"egg-agent.log","errorLogName":"common-error.log","coreLogger":{"consoleLevel":"WARN"},"allowDebugAtProd":false,"type":"application"}
2020-09-14 12:56:13,736 INFO 14920 [egg-multipart] file mode enable
2020-09-14 12:56:13,736 INFO 14920 [egg-multipart] will save temporary files to "C:\\Users\\ADMINI~1\\AppData\\Local\\Temp\\egg-multipart-tmp\\day02-login", cleanup job cron: "0 30 4 * * *"
2020-09-14 12:56:13,736 INFO 14920 [egg-mysql] connecting root@localhost:3306/blog
2020-09-14 12:56:13,874 INFO 14920 [egg-static] starting static serve /public/ -> E:\ThreeCN\web\huaqing\nodejs\node\blog\app\public
2020-09-14 12:56:13,877 INFO 14920 [egg-security] use methodnoallow middleware
2020-09-14 12:56:13,877 INFO 14920 [egg-security] use noopen middleware
2020-09-14 12:56:13,878 INFO 14920 [egg-security] use nosniff middleware
2020-09-14 12:56:13,879 INFO 14920 [egg-security] use xssProtection middleware
2020-09-14 12:56:13,879 INFO 14920 [egg-security] use xframe middleware
2020-09-14 12:56:13,880 INFO 14920 [egg-security] use dta middleware
2020-09-14 12:56:13,880 INFO 14920 [egg-security] compose 6 middlewares into one security middleware
2020-09-14 12:56:13,892 INFO 14920 [egg:core] dump config after load, 5ms
2020-09-14 12:56:13,912 INFO 14920 [egg-watcher:application] watcher start success
2020-09-14 12:56:13,915 INFO 14920 [egg-mysql] instance[0] status OK, rds currentTime: Mon Sep 14 2020 12:56:13 GMT+0800 (中国标准时间)
2020-09-14 12:56:13,924 INFO 14920 [egg:core] dump config after ready, 7ms
2020-09-14 12:57:24,738 INFO 12372 [egg:logger] init all loggers with options: {"dir":"E:\\ThreeCN\\web\\huaqing\\nodejs\\node\\blog\\logs\\day02-login","encoding":"utf8","env":"local","level":"INFO","consoleLevel":"INFO","disableConsoleAfterReady":false,"outputJSON":false,"buffer":true,"appLogName":"day02-login-web.log","coreLogName":"egg-web.log","agentLogName":"egg-agent.log","errorLogName":"common-error.log","coreLogger":{"consoleLevel":"WARN"},"allowDebugAtProd":false,"type":"application"}
2020-09-14 12:57:24,773 INFO 12372 [egg-multipart] file mode enable
2020-09-14 12:57:24,773 INFO 12372 [egg-multipart] will save temporary files to "C:\\Users\\ADMINI~1\\AppData\\Local\\Temp\\egg-multipart-tmp\\day02-login", cleanup job cron: "0 30 4 * * *"
2020-09-14 12:57:24,774 INFO 12372 [egg-mysql] connecting root@localhost:3306/blog
2020-09-14 12:57:24,917 INFO 12372 [egg-static] starting static serve /public/ -> E:\ThreeCN\web\huaqing\nodejs\node\blog\app\public
2020-09-14 12:57:24,920 INFO 12372 [egg-security] use methodnoallow middleware
2020-09-14 12:57:24,921 INFO 12372 [egg-security] use noopen middleware
2020-09-14 12:57:24,922 INFO 12372 [egg-security] use nosniff middleware
2020-09-14 12:57:24,923 INFO 12372 [egg-security] use xssProtection middleware
2020-09-14 12:57:24,923 INFO 12372 [egg-security] use xframe middleware
2020-09-14 12:57:24,924 INFO 12372 [egg-security] use dta middleware
2020-09-14 12:57:24,924 INFO 12372 [egg-security] compose 6 middlewares into one security middleware
2020-09-14 12:57:24,937 INFO 12372 [egg:core] dump config after load, 5ms
2020-09-14 12:57:24,959 INFO 12372 [egg-mysql] instance[0] status OK, rds currentTime: Mon Sep 14 2020 12:57:24 GMT+0800 (中国标准时间)
2020-09-14 12:57:24,962 INFO 12372 [egg-watcher:application] watcher start success
2020-09-14 12:57:24,970 INFO 12372 [egg:core] dump config after ready, 6ms
